WARNING:django.request:Not Found: /{url 'login' %}
WARNING:django.request:Not Found: /static/css/blog.css
WARNING:django.request:Not Found: /favicon.ico
WARNING:django.request:Not Found: /static/css/blog.css
WARNING:django.request:Not Found: /static/css/blog.css
WARNING:django.request:Not Found: /static/css/blog.css
WARNING:django.request:Not Found: /favicon.ico
WARNING:django.request:Not Found: /favicon.ico
WARNING:django.request:Not Found: /favicon.ico
WARNING:django.request:Not Found: /favicon.ico
INFO:blog.views:Evil_geniy added a comment to Dota 2 update 7.28b
INFO:blog.views:Evil_geniy approved a Evil_geniys comment
WARNING:django.request:Not Found: /favicon.ico
WARNING:django.request:Not Found: /favicon.ico
WARNING:django.request:Not Found: /favicon.ico
INFO:blog.views:Qwerty added a comment to Dota 2 update 7.30f
INFO:blog.views:Qwerty approved a Qwertys comment
WARNING:django.request:Not Found: /favicon.ico
WARNING:django.request:Not Found: /favicon.ico
WARNING:django.request:Not Found: /favicon.ico
WARNING:django.request:Not Found: /favicon.ico
WARNING:django.request:Not Found: /favicon.ico
WARNING:django.request:Not Found: /favicon.ico
INFO:blog.views:Qwerty added a comment to Dota 2 update 7.28
WARNING:django.request:Not Found: /favicon.ico
INFO:blog.views:Qwerty approved a Qwertys comment
WARNING:django.request:Not Found: /favicon.ico
WARNING:django.request:Not Found: /favicon.ico
WARNING:django.request:Not Found: /favicon.ico
INFO:blog.views:Qwerty added a comment to Dota 2 update 7.69
WARNING:django.request:Not Found: /favicon.ico
WARNING:django.request:Not Found: /favicon.ico
INFO:blog.views:Qwerty approved a Qwertys comment
WARNING:django.request:Not Found: /favicon.ico
INFO:blog.views:Qwerty publish a post Dota 2 update 7.69
WARNING:django.request:Not Found: /favicon.ico
WARNING:django.request:Not Found: /favicon.ico
INFO:blog.views:Evil_geniy added a comment to Dota 2 update 7.69
INFO:blog.views:Evil_geniy approved a Evil_geniys comment
